2025-05-08 08:31:21,347 - __main__ - INFO - Директория проекта: D:\BotDmarket
2025-05-08 08:31:21,347 - __main__ - INFO - Используемый Python: D:\BotDmarket\venv\Scripts\python.exe
2025-05-08 08:31:21,351 - __main__ - INFO - Бот запущен с PID: 19644
2025-05-08 08:32:02,308 - __main__ - INFO - Найден запущенный бот с PID: 11976
2025-05-08 08:32:02,329 - __main__ - INFO - Отправлен сигнал завершения процессу 11976
2025-05-08 08:32:02,346 - __main__ - INFO - Файл блокировки удален
2025-05-08 08:32:02,346 - __main__ - INFO - Бот с PID 11976 успешно остановлен
2025-05-08 08:32:06,322 - __main__ - INFO - Директория проекта: D:\BotDmarket
2025-05-08 08:32:06,322 - __main__ - INFO - Используемый Python: D:\BotDmarket\venv\Scripts\python.exe
2025-05-08 08:32:06,327 - __main__ - INFO - Бот запущен с PID: 18884
2025-05-08 08:33:35,697 - __main__ - INFO - Найден запущенный бот с PID: 15452
2025-05-08 08:33:35,722 - __main__ - INFO - Отправлен сигнал завершения процессу 15452
2025-05-08 08:33:35,741 - __main__ - INFO - Файл блокировки удален
2025-05-08 08:33:35,741 - __main__ - INFO - Бот с PID 15452 успешно остановлен
2025-05-08 08:35:05,320 - __main__ - WARNING - Файл блокировки не найден. Возможно, бот не запущен.
2025-05-08 08:36:33,559 - __main__ - INFO - Директория проекта: D:\BotDmarket
2025-05-08 08:36:33,559 - __main__ - INFO - Используемый Python: D:\BotDmarket\venv\Scripts\python.exe
2025-05-08 08:36:33,563 - __main__ - INFO - Бот запущен с PID: 21084
2025-05-08 08:37:41,622 - __main__ - INFO - Найден запущенный бот с PID: 4904
2025-05-08 08:37:41,641 - __main__ - INFO - Отправлен сигнал завершения процессу 4904
2025-05-08 08:37:41,660 - __main__ - INFO - Файл блокировки удален
2025-05-08 08:37:41,660 - __main__ - INFO - Бот с PID 4904 успешно остановлен
2025-05-08 08:52:41,078 - __main__ - INFO - Директория проекта: d:\BotDmarket
2025-05-08 08:52:41,078 - __main__ - INFO - Используемый Python: D:\BotDmarket\venv\Scripts\python.exe
2025-05-08 08:52:41,082 - __main__ - INFO - Бот запущен с PID: 14196
2025-05-08 08:53:09,070 - __main__ - WARNING - Файл блокировки не найден. Возможно, бот не запущен.
2025-05-08 08:53:14,658 - __main__ - INFO - Директория проекта: d:\BotDmarket
2025-05-08 08:53:14,658 - __main__ - INFO - Используемый Python: D:\BotDmarket\venv\Scripts\python.exe
2025-05-08 08:53:14,663 - __main__ - INFO - Бот запущен с PID: 20196
2025-05-08 08:54:29,722 - __main__ - WARNING - Файл блокировки не найден. Возможно, бот не запущен.
2025-05-08 09:09:38,960 - __main__ - INFO - Директория проекта: d:\BotDmarket
2025-05-08 09:09:38,960 - __main__ - INFO - Используемый Python: D:\BotDmarket\venv\Scripts\python.exe
2025-05-08 09:09:38,964 - __main__ - INFO - Бот запущен с PID: 6432
2025-05-08 09:10:37,458 - __main__ - INFO - Директория проекта: d:\BotDmarket
2025-05-08 09:10:37,458 - __main__ - INFO - Используемый Python: D:\BotDmarket\venv\Scripts\python.exe
2025-05-08 09:10:37,464 - __main__ - INFO - Бот запущен с PID: 14788
2025-05-08 09:10:40,766 - __main__ - WARNING - Файл блокировки не найден. Возможно, бот не запущен.
2025-05-08 09:10:45,261 - __main__ - INFO - Директория проекта: d:\BotDmarket
2025-05-08 09:10:45,261 - __main__ - INFO - Используемый Python: D:\BotDmarket\venv\Scripts\python.exe
2025-05-08 09:10:45,266 - __main__ - INFO - Бот запущен с PID: 8408
